[2015-03-31 23:29:10] defaultLogger.INFO:      Time:  0.448ms | Memory:  3.62MB | SELECT setting.name, setting.value, setting.created_at, setting.updated_at, setting.id FROM setting WHERE setting.name='installed' LIMIT 1 [] []
[2015-03-31 23:29:11] defaultLogger.INFO:      Time:  0.362ms | Memory:  3.65MB | SELECT setting.name, setting.value, setting.created_at, setting.updated_at, setting.id FROM setting WHERE setting.name='installed' LIMIT 1 [] []
[2015-03-31 23:29:32] defaultLogger.INFO:      Time:  0.372ms | Memory:  3.65MB | SELECT setting.name, setting.value, setting.created_at, setting.updated_at, setting.id FROM setting WHERE setting.name='installed' LIMIT 1 [] []
[2015-03-31 23:29:32] defaultLogger.INFO:      Time:  0.364ms | Memory:  4.96MB | SELECT user.name, user.password, user.email, user.created_at, user.updated_at, user.id FROM user WHERE user.name='aita' LIMIT 1 [] []
[2015-03-31 23:29:33] defaultLogger.INFO:      Time:  0.469ms | Memory:  3.65MB | SELECT setting.name, setting.value, setting.created_at, setting.updated_at, setting.id FROM setting WHERE setting.name='installed' LIMIT 1 [] []
[2015-03-31 23:29:33] defaultLogger.INFO:      Time:  0.284ms | Memory:  3.65MB | SELECT setting.name, setting.value, setting.created_at, setting.updated_at, setting.id FROM setting WHERE setting.name='installed' LIMIT 1 [] []
[2015-03-31 23:31:43] defaultLogger.INFO:      Time:  0.397ms | Memory:  3.61MB | SELECT setting.name, setting.value, setting.created_at, setting.updated_at, setting.id FROM setting WHERE setting.name='installed' LIMIT 1 [] []
[2015-03-31 23:31:43] defaultLogger.INFO:      Time:  0.407ms | Memory:  3.65MB | SELECT setting.name, setting.value, setting.created_at, setting.updated_at, setting.id FROM setting WHERE setting.name='installed' LIMIT 1 [] []
[2015-03-31 23:31:47] defaultLogger.INFO:      Time:  0.413ms | Memory:  3.61MB | SELECT setting.name, setting.value, setting.created_at, setting.updated_at, setting.id FROM setting WHERE setting.name='installed' LIMIT 1 [] []
[2015-03-31 23:31:48] defaultLogger.INFO:      Time:  0.475ms | Memory:  3.65MB | SELECT setting.name, setting.value, setting.created_at, setting.updated_at, setting.id FROM setting WHERE setting.name='installed' LIMIT 1 [] []
[2015-03-31 23:31:55] defaultLogger.INFO:      Time:  0.372ms | Memory:  3.65MB | SELECT setting.name, setting.value, setting.created_at, setting.updated_at, setting.id FROM setting WHERE setting.name='installed' LIMIT 1 [] []
[2015-03-31 23:31:55] defaultLogger.INFO:      Time:  0.466ms | Memory:  4.96MB | SELECT user.name, user.password, user.email, user.created_at, user.updated_at, user.id FROM user WHERE user.name='aita' LIMIT 1 [] []
[2015-03-31 23:31:55] defaultLogger.INFO:      Time:  0.428ms | Memory:  3.65MB | SELECT setting.name, setting.value, setting.created_at, setting.updated_at, setting.id FROM setting WHERE setting.name='installed' LIMIT 1 [] []
[2015-03-31 23:31:55] defaultLogger.INFO:      Time:  0.332ms | Memory:  3.65MB | SELECT setting.name, setting.value, setting.created_at, setting.updated_at, setting.id FROM setting WHERE setting.name='installed' LIMIT 1 [] []
[2015-03-31 23:32:01] defaultLogger.INFO:      Time:  0.339ms | Memory:  3.65MB | SELECT setting.name, setting.value, setting.created_at, setting.updated_at, setting.id FROM setting WHERE setting.name='installed' LIMIT 1 [] []
[2015-03-31 23:32:03] defaultLogger.INFO:      Time:  0.431ms | Memory:  3.61MB | SELECT setting.name, setting.value, setting.created_at, setting.updated_at, setting.id FROM setting WHERE setting.name='installed' LIMIT 1 [] []
[2015-03-31 23:32:03] defaultLogger.INFO:      Time:  0.515ms | Memory:  3.65MB | SELECT setting.name, setting.value, setting.created_at, setting.updated_at, setting.id FROM setting WHERE setting.name='installed' LIMIT 1 [] []
[2015-04-01 00:03:05] defaultLogger.INFO:      Time:  0.391ms | Memory:  3.61MB | SELECT setting.name, setting.value, setting.created_at, setting.updated_at, setting.id FROM setting WHERE setting.name='installed' LIMIT 1 [] []
[2015-04-01 00:03:05] defaultLogger.INFO:      Time:  0.352ms | Memory:  3.65MB | SELECT setting.name, setting.value, setting.created_at, setting.updated_at, setting.id FROM setting WHERE setting.name='installed' LIMIT 1 [] []
[2015-04-01 00:03:17] defaultLogger.INFO:      Time:  0.358ms | Memory:  3.65MB | SELECT setting.name, setting.value, setting.created_at, setting.updated_at, setting.id FROM setting WHERE setting.name='installed' LIMIT 1 [] []
[2015-04-01 00:03:17] defaultLogger.INFO:      Time:  0.398ms | Memory:  4.96MB | SELECT user.name, user.password, user.email, user.created_at, user.updated_at, user.id FROM user WHERE user.name='aita' LIMIT 1 [] []
[2015-04-01 00:03:17] defaultLogger.INFO:      Time:  0.221ms | Memory:  3.65MB | SELECT setting.name, setting.value, setting.created_at, setting.updated_at, setting.id FROM setting WHERE setting.name='installed' LIMIT 1 [] []
[2015-04-01 00:03:17] defaultLogger.INFO:      Time:  0.386ms | Memory:  3.65MB | SELECT setting.name, setting.value, setting.created_at, setting.updated_at, setting.id FROM setting WHERE setting.name='installed' LIMIT 1 [] []
[2015-04-01 00:04:33] defaultLogger.INFO:      Time:  0.402ms | Memory:  3.61MB | SELECT setting.name, setting.value, setting.created_at, setting.updated_at, setting.id FROM setting WHERE setting.name='installed' LIMIT 1 [] []
[2015-04-01 00:04:33] defaultLogger.INFO:      Time:  0.406ms | Memory:  3.65MB | SELECT setting.name, setting.value, setting.created_at, setting.updated_at, setting.id FROM setting WHERE setting.name='installed' LIMIT 1 [] []
[2015-04-01 00:04:39] defaultLogger.INFO:      Time:  0.331ms | Memory:  3.65MB | SELECT setting.name, setting.value, setting.created_at, setting.updated_at, setting.id FROM setting WHERE setting.name='installed' LIMIT 1 [] []
[2015-04-01 00:26:18] defaultLogger.INFO:      Time:  0.460ms | Memory:  3.65MB | SELECT setting.name, setting.value, setting.created_at, setting.updated_at, setting.id FROM setting WHERE setting.name='installed' LIMIT 1 [] []
[2015-04-01 00:26:20] defaultLogger.INFO:      Time:  0.497ms | Memory:  3.61MB | SELECT setting.name, setting.value, setting.created_at, setting.updated_at, setting.id FROM setting WHERE setting.name='installed' LIMIT 1 [] []
[2015-04-01 00:26:21] defaultLogger.INFO:      Time:  0.839ms | Memory:  3.65MB | SELECT setting.name, setting.value, setting.created_at, setting.updated_at, setting.id FROM setting WHERE setting.name='installed' LIMIT 1 [] []
[2015-04-01 00:26:26] defaultLogger.INFO:      Time:  0.432ms | Memory:  3.65MB | SELECT setting.name, setting.value, setting.created_at, setting.updated_at, setting.id FROM setting WHERE setting.name='installed' LIMIT 1 [] []
[2015-04-01 00:26:26] defaultLogger.INFO:      Time:  0.351ms | Memory:  4.96MB | SELECT user.name, user.password, user.email, user.created_at, user.updated_at, user.id FROM user WHERE user.name='aita' LIMIT 1 [] []
[2015-04-01 00:26:26] defaultLogger.INFO:      Time:  0.378ms | Memory:  3.65MB | SELECT setting.name, setting.value, setting.created_at, setting.updated_at, setting.id FROM setting WHERE setting.name='installed' LIMIT 1 [] []
[2015-04-01 00:26:26] defaultLogger.INFO:      Time:  0.454ms | Memory:  3.65MB | SELECT setting.name, setting.value, setting.created_at, setting.updated_at, setting.id FROM setting WHERE setting.name='installed' LIMIT 1 [] []
[2015-04-01 00:26:28] defaultLogger.INFO:      Time:  0.599ms | Memory:  3.61MB | SELECT setting.name, setting.value, setting.created_at, setting.updated_at, setting.id FROM setting WHERE setting.name='installed' LIMIT 1 [] []
[2015-04-01 00:26:28] defaultLogger.INFO:      Time:  0.502ms | Memory:  3.65MB | SELECT setting.name, setting.value, setting.created_at, setting.updated_at, setting.id FROM setting WHERE setting.name='installed' LIMIT 1 [] []
[2015-04-01 00:26:30] defaultLogger.INFO:      Time:  0.339ms | Memory:  3.65MB | SELECT setting.name, setting.value, setting.created_at, setting.updated_at, setting.id FROM setting WHERE setting.name='installed' LIMIT 1 [] []
[2015-04-01 00:26:30] defaultLogger.INFO:      Time:  0.500ms | Memory:  4.97MB | SELECT user.name, user.password, user.email, user.created_at, user.updated_at, user.id FROM user WHERE user.id=2 LIMIT 1 [] []
[2015-04-01 00:26:30] defaultLogger.INFO:      Time:  0.534ms | Memory:  7.31MB | SELECT role.name, role.annotation, role.created_at, role.updated_at, role.id FROM role INNER JOIN user_role ON (role.id=user_role.role_id) WHERE user_role.user_id=2 [] []
[2015-04-01 00:26:30] defaultLogger.INFO:      Time:  0.455ms | Memory:  8.84MB | SELECT COUNT(*) FROM permission INNER JOIN role_permission ON (permission.id=role_permission.permission_id) WHERE role_permission.role_id=2 AND permission.name='Admin.index' [] []
[2015-04-01 00:26:31] defaultLogger.INFO:      Time:  0.463ms | Memory:  3.65MB | SELECT setting.name, setting.value, setting.created_at, setting.updated_at, setting.id FROM setting WHERE setting.name='installed' LIMIT 1 [] []
[2015-04-01 00:26:31] defaultLogger.INFO:      Time:  0.438ms | Memory:  4.97MB | SELECT user.name, user.password, user.email, user.created_at, user.updated_at, user.id FROM user WHERE user.id=2 LIMIT 1 [] []
[2015-04-01 00:26:31] defaultLogger.INFO:      Time:  0.423ms | Memory:  7.31MB | SELECT role.name, role.annotation, role.created_at, role.updated_at, role.id FROM role INNER JOIN user_role ON (role.id=user_role.role_id) WHERE user_role.user_id=2 [] []
[2015-04-01 00:26:31] defaultLogger.INFO:      Time:  0.455ms | Memory:  8.84MB | SELECT COUNT(*) FROM permission INNER JOIN role_permission ON (permission.id=role_permission.permission_id) WHERE role_permission.role_id=2 AND permission.name='Admin.users' [] []
[2015-04-01 00:26:31] defaultLogger.INFO:      Time:  0.307ms | Memory:  8.83MB | SELECT role.name, role.annotation, role.created_at, role.updated_at, role.id FROM role [] []
[2015-04-01 00:26:31] defaultLogger.INFO:      Time:  0.223ms | Memory:  8.84MB | SELECT user.name, user.password, user.email, user.created_at, user.updated_at, user.id FROM user [] []
[2015-04-01 00:26:31] defaultLogger.INFO:      Time:  0.446ms | Memory:  8.86MB | SELECT role.name, role.annotation, role.created_at, role.updated_at, role.id FROM role INNER JOIN user_role ON (role.id=user_role.role_id) WHERE user_role.user_id=12 [] []
[2015-04-01 00:26:31] defaultLogger.INFO:      Time:  0.320ms | Memory:  8.86MB | SELECT role.name, role.annotation, role.created_at, role.updated_at, role.id FROM role INNER JOIN user_role ON (role.id=user_role.role_id) WHERE user_role.user_id=17 [] []
[2015-04-01 00:26:31] defaultLogger.INFO:      Time:  0.374ms | Memory:  8.87MB | SELECT role.name, role.annotation, role.created_at, role.updated_at, role.id FROM role INNER JOIN user_role ON (role.id=user_role.role_id) WHERE user_role.user_id=24 [] []
[2015-04-01 00:26:31] defaultLogger.INFO:      Time:  0.259ms | Memory:  8.87MB | SELECT role.name, role.annotation, role.created_at, role.updated_at, role.id FROM role INNER JOIN user_role ON (role.id=user_role.role_id) WHERE user_role.user_id=25 [] []
[2015-04-01 00:26:31] defaultLogger.INFO:      Time:  0.216ms | Memory:  8.88MB | SELECT role.name, role.annotation, role.created_at, role.updated_at, role.id FROM role INNER JOIN user_role ON (role.id=user_role.role_id) WHERE user_role.user_id=26 [] []
[2015-04-01 00:26:31] defaultLogger.INFO:      Time:  0.301ms | Memory:  8.87MB | SELECT user.name, user.password, user.email, user.created_at, user.updated_at, user.id FROM user ORDER BY user.created_at ASC [] []
[2015-04-01 00:26:32] defaultLogger.INFO:      Time:  0.329ms | Memory:  3.65MB | SELECT setting.name, setting.value, setting.created_at, setting.updated_at, setting.id FROM setting WHERE setting.name='installed' LIMIT 1 [] []
[2015-04-01 00:26:32] defaultLogger.INFO:      Time:  0.513ms | Memory:  4.97MB | SELECT user.name, user.password, user.email, user.created_at, user.updated_at, user.id FROM user WHERE user.id=2 LIMIT 1 [] []
[2015-04-01 00:26:32] defaultLogger.INFO:      Time:  0.470ms | Memory:  7.31MB | SELECT role.name, role.annotation, role.created_at, role.updated_at, role.id FROM role INNER JOIN user_role ON (role.id=user_role.role_id) WHERE user_role.user_id=2 [] []
[2015-04-01 00:26:32] defaultLogger.INFO:      Time:  0.537ms | Memory:  8.84MB | SELECT COUNT(*) FROM permission INNER JOIN role_permission ON (permission.id=role_permission.permission_id) WHERE role_permission.role_id=2 AND permission.name='Admin.roles' [] []
[2015-04-01 00:26:32] defaultLogger.INFO:      Time:  0.288ms | Memory:  8.83MB | SELECT role.name, role.annotation, role.created_at, role.updated_at, role.id FROM role [] []
[2015-04-01 00:26:32] defaultLogger.INFO:      Time:  0.232ms | Memory:  8.84MB | SELECT permission.name, permission.annotation, permission.id FROM permission [] []
[2015-04-01 00:26:32] defaultLogger.INFO:      Time:  0.324ms | Memory:  8.86MB | SELECT permission.name, permission.annotation, permission.id FROM permission INNER JOIN role_permission ON (permission.id=role_permission.permission_id) WHERE role_permission.role_id=2 [] []
[2015-04-01 00:26:32] defaultLogger.INFO:      Time:  0.295ms | Memory:  8.87MB | SELECT COUNT(*) FROM user INNER JOIN user_role ON (user.id=user_role.user_id) WHERE user_role.role_id=2 [] []
[2015-04-01 00:26:32] defaultLogger.INFO:      Time:  0.344ms | Memory:  8.87MB | SELECT permission.name, permission.annotation, permission.id FROM permission INNER JOIN role_permission ON (permission.id=role_permission.permission_id) WHERE role_permission.role_id=8 [] []
[2015-04-01 00:26:32] defaultLogger.INFO:      Time:  0.321ms | Memory:  8.87MB | SELECT COUNT(*) FROM user INNER JOIN user_role ON (user.id=user_role.user_id) WHERE user_role.role_id=8 [] []
[2015-04-01 00:26:33] defaultLogger.INFO:      Time:  0.549ms | Memory:  3.65MB | SELECT setting.name, setting.value, setting.created_at, setting.updated_at, setting.id FROM setting WHERE setting.name='installed' LIMIT 1 [] []
[2015-04-01 00:26:33] defaultLogger.INFO:      Time:  0.463ms | Memory:  4.97MB | SELECT user.name, user.password, user.email, user.created_at, user.updated_at, user.id FROM user WHERE user.id=2 LIMIT 1 [] []
[2015-04-01 00:26:33] defaultLogger.INFO:      Time:  0.487ms | Memory:  7.31MB | SELECT role.name, role.annotation, role.created_at, role.updated_at, role.id FROM role INNER JOIN user_role ON (role.id=user_role.role_id) WHERE user_role.user_id=2 [] []
[2015-04-01 00:26:33] defaultLogger.INFO:      Time:  0.549ms | Memory:  8.84MB | SELECT COUNT(*) FROM permission INNER JOIN role_permission ON (permission.id=role_permission.permission_id) WHERE role_permission.role_id=2 AND permission.name='Admin.permissions' [] []
[2015-04-01 00:26:33] defaultLogger.INFO:      Time:  0.180ms | Memory:  8.83MB | SELECT permission.name, permission.annotation, permission.id FROM permission [] []
[2015-04-01 00:26:33] defaultLogger.INFO:      Time:  0.384ms | Memory:  8.85MB | SELECT COUNT(*) FROM role INNER JOIN role_permission ON (role.id=role_permission.role_id) WHERE role_permission.permission_id=10 [] []
[2015-04-01 00:26:33] defaultLogger.INFO:      Time:  0.345ms | Memory:  8.85MB | SELECT COUNT(*) FROM role INNER JOIN role_permission ON (role.id=role_permission.role_id) WHERE role_permission.permission_id=11 [] []
[2015-04-01 00:26:33] defaultLogger.INFO:      Time:  0.302ms | Memory:  8.85MB | SELECT COUNT(*) FROM role INNER JOIN role_permission ON (role.id=role_permission.role_id) WHERE role_permission.permission_id=13 [] []
[2015-04-01 00:26:33] defaultLogger.INFO:      Time:  0.242ms | Memory:  8.85MB | SELECT COUNT(*) FROM role INNER JOIN role_permission ON (role.id=role_permission.role_id) WHERE role_permission.permission_id=14 [] []
[2015-04-01 00:26:39] defaultLogger.INFO:      Time:  0.578ms | Memory:  3.65MB | SELECT setting.name, setting.value, setting.created_at, setting.updated_at, setting.id FROM setting WHERE setting.name='installed' LIMIT 1 [] []
[2015-04-01 00:26:39] defaultLogger.INFO:      Time:  0.328ms | Memory:  4.97MB | SELECT user.name, user.password, user.email, user.created_at, user.updated_at, user.id FROM user WHERE user.id=2 LIMIT 1 [] []
[2015-04-01 00:26:40] defaultLogger.INFO:      Time:  0.472ms | Memory:  7.31MB | SELECT role.name, role.annotation, role.created_at, role.updated_at, role.id FROM role INNER JOIN user_role ON (role.id=user_role.role_id) WHERE user_role.user_id=2 [] []
[2015-04-01 00:26:40] defaultLogger.INFO:      Time:  0.442ms | Memory:  8.84MB | SELECT COUNT(*) FROM permission INNER JOIN role_permission ON (permission.id=role_permission.permission_id) WHERE role_permission.role_id=2 AND permission.name='Admin.roles' [] []
[2015-04-01 00:26:40] defaultLogger.INFO:      Time:  0.193ms | Memory:  8.83MB | SELECT role.name, role.annotation, role.created_at, role.updated_at, role.id FROM role [] []
[2015-04-01 00:26:40] defaultLogger.INFO:      Time:  0.288ms | Memory:  8.84MB | SELECT permission.name, permission.annotation, permission.id FROM permission [] []
[2015-04-01 00:26:40] defaultLogger.INFO:      Time:  0.343ms | Memory:  8.86MB | SELECT permission.name, permission.annotation, permission.id FROM permission INNER JOIN role_permission ON (permission.id=role_permission.permission_id) WHERE role_permission.role_id=2 [] []
[2015-04-01 00:26:40] defaultLogger.INFO:      Time:  0.299ms | Memory:  8.87MB | SELECT COUNT(*) FROM user INNER JOIN user_role ON (user.id=user_role.user_id) WHERE user_role.role_id=2 [] []
[2015-04-01 00:26:40] defaultLogger.INFO:      Time:  0.260ms | Memory:  8.87MB | SELECT permission.name, permission.annotation, permission.id FROM permission INNER JOIN role_permission ON (permission.id=role_permission.permission_id) WHERE role_permission.role_id=8 [] []
[2015-04-01 00:26:40] defaultLogger.INFO:      Time:  0.376ms | Memory:  8.87MB | SELECT COUNT(*) FROM user INNER JOIN user_role ON (user.id=user_role.user_id) WHERE user_role.role_id=8 [] []
[2015-04-01 00:26:45] defaultLogger.INFO:      Time:  0.383ms | Memory:  3.66MB | SELECT setting.name, setting.value, setting.created_at, setting.updated_at, setting.id FROM setting WHERE setting.name='installed' LIMIT 1 [] []
[2015-04-01 00:26:45] defaultLogger.INFO:      Time:  0.319ms | Memory:  5.08MB | SELECT role.name, role.annotation, role.created_at, role.updated_at, role.id FROM role WHERE role.id='2' LIMIT 1 [] []
[2015-04-01 00:26:45] defaultLogger.INFO:      Time:  0.425ms | Memory:  5.91MB | SELECT permission.name, permission.annotation, permission.id FROM permission WHERE permission.id IN ('10','13','14') [] []
[2015-04-01 00:26:45] defaultLogger.INFO:      Time:  0.842ms | Memory:  7.09MB | SELECT permission.name, permission.annotation, permission.id FROM permission INNER JOIN role_permission ON (permission.id=role_permission.permission_id) WHERE role_permission.role_id=2 [] []
[2015-04-01 00:26:45] defaultLogger.INFO:      Time:  0.323ms | Memory:  7.16MB | SELECT role_permission.role_id, role_permission.permission_id FROM role_permission WHERE role_permission.role_id=2 [] []
[2015-04-01 00:26:45] defaultLogger.INFO:      Time:  0.227ms | Memory:  7.17MB | SELECT role_permission.role_id, role_permission.permission_id FROM role_permission WHERE role_permission.permission_id=11 [] []
[2015-04-01 00:26:45] defaultLogger.INFO:      Time:  0.223ms | Memory:  7.17MB | DELETE FROM role_permission WHERE (role_permission.role_id=2 AND role_permission.permission_id=11) [] []
[2015-04-01 00:26:45] defaultLogger.INFO:      Time:  0.310ms | Memory:  7.17MB | DELETE FROM role_permission WHERE (role_permission.role_id=2 AND role_permission.permission_id=11) [] []
[2015-04-01 00:26:46] defaultLogger.INFO:      Time:  0.418ms | Memory:  3.65MB | SELECT setting.name, setting.value, setting.created_at, setting.updated_at, setting.id FROM setting WHERE setting.name='installed' LIMIT 1 [] []
[2015-04-01 00:26:46] defaultLogger.INFO:      Time:  0.533ms | Memory:  4.97MB | SELECT user.name, user.password, user.email, user.created_at, user.updated_at, user.id FROM user WHERE user.id=2 LIMIT 1 [] []
[2015-04-01 00:26:46] defaultLogger.INFO:      Time:  0.447ms | Memory:  7.31MB | SELECT role.name, role.annotation, role.created_at, role.updated_at, role.id FROM role INNER JOIN user_role ON (role.id=user_role.role_id) WHERE user_role.user_id=2 [] []
[2015-04-01 00:26:46] defaultLogger.INFO:      Time:  0.488ms | Memory:  8.84MB | SELECT COUNT(*) FROM permission INNER JOIN role_permission ON (permission.id=role_permission.permission_id) WHERE role_permission.role_id=2 AND permission.name='Admin.index' [] []
[2015-04-01 00:26:47] defaultLogger.INFO:      Time:  0.359ms | Memory:  3.65MB | SELECT setting.name, setting.value, setting.created_at, setting.updated_at, setting.id FROM setting WHERE setting.name='installed' LIMIT 1 [] []
[2015-04-01 00:26:47] defaultLogger.INFO:      Time:  0.535ms | Memory:  4.97MB | SELECT user.name, user.password, user.email, user.created_at, user.updated_at, user.id FROM user WHERE user.id=2 LIMIT 1 [] []
[2015-04-01 00:26:47] defaultLogger.INFO:      Time:  0.450ms | Memory:  7.31MB | SELECT role.name, role.annotation, role.created_at, role.updated_at, role.id FROM role INNER JOIN user_role ON (role.id=user_role.role_id) WHERE user_role.user_id=2 [] []
[2015-04-01 00:26:47] defaultLogger.INFO:      Time:  0.403ms | Memory:  8.84MB | SELECT COUNT(*) FROM permission INNER JOIN role_permission ON (permission.id=role_permission.permission_id) WHERE role_permission.role_id=2 AND permission.name='Admin.roles' [] []
[2015-04-01 00:26:47] defaultLogger.INFO:      Time:  0.193ms | Memory:  8.83MB | SELECT role.name, role.annotation, role.created_at, role.updated_at, role.id FROM role [] []
[2015-04-01 00:26:47] defaultLogger.INFO:      Time:  0.251ms | Memory:  8.84MB | SELECT permission.name, permission.annotation, permission.id FROM permission [] []
[2015-04-01 00:26:47] defaultLogger.INFO:      Time:  0.355ms | Memory:  8.86MB | SELECT permission.name, permission.annotation, permission.id FROM permission INNER JOIN role_permission ON (permission.id=role_permission.permission_id) WHERE role_permission.role_id=2 [] []
[2015-04-01 00:26:47] defaultLogger.INFO:      Time:  0.614ms | Memory:  8.87MB | SELECT COUNT(*) FROM user INNER JOIN user_role ON (user.id=user_role.user_id) WHERE user_role.role_id=2 [] []
[2015-04-01 00:26:47] defaultLogger.INFO:      Time:  0.328ms | Memory:  8.87MB | SELECT permission.name, permission.annotation, permission.id FROM permission INNER JOIN role_permission ON (permission.id=role_permission.permission_id) WHERE role_permission.role_id=8 [] []
[2015-04-01 00:26:47] defaultLogger.INFO:      Time:  0.355ms | Memory:  8.87MB | SELECT COUNT(*) FROM user INNER JOIN user_role ON (user.id=user_role.user_id) WHERE user_role.role_id=8 [] []
[2015-04-01 00:26:49] defaultLogger.INFO:      Time:  0.326ms | Memory:  3.65MB | SELECT setting.name, setting.value, setting.created_at, setting.updated_at, setting.id FROM setting WHERE setting.name='installed' LIMIT 1 [] []
[2015-04-01 00:26:49] defaultLogger.INFO:      Time:  0.479ms | Memory:  4.97MB | SELECT user.name, user.password, user.email, user.created_at, user.updated_at, user.id FROM user WHERE user.id=2 LIMIT 1 [] []
[2015-04-01 00:26:49] defaultLogger.INFO:      Time:  0.509ms | Memory:  7.31MB | SELECT role.name, role.annotation, role.created_at, role.updated_at, role.id FROM role INNER JOIN user_role ON (role.id=user_role.role_id) WHERE user_role.user_id=2 [] []
[2015-04-01 00:26:49] defaultLogger.INFO:      Time:  0.516ms | Memory:  8.84MB | SELECT COUNT(*) FROM permission INNER JOIN role_permission ON (permission.id=role_permission.permission_id) WHERE role_permission.role_id=2 AND permission.name='Admin.index' [] []
[2015-04-01 00:26:50] defaultLogger.INFO:      Time:  0.380ms | Memory:  3.65MB | SELECT setting.name, setting.value, setting.created_at, setting.updated_at, setting.id FROM setting WHERE setting.name='installed' LIMIT 1 [] []
[2015-04-01 00:26:50] defaultLogger.INFO:      Time:  0.623ms | Memory:  4.97MB | SELECT user.name, user.password, user.email, user.created_at, user.updated_at, user.id FROM user WHERE user.id=2 LIMIT 1 [] []
[2015-04-01 00:26:50] defaultLogger.INFO:      Time:  0.495ms | Memory:  7.31MB | SELECT role.name, role.annotation, role.created_at, role.updated_at, role.id FROM role INNER JOIN user_role ON (role.id=user_role.role_id) WHERE user_role.user_id=2 [] []
[2015-04-01 00:26:50] defaultLogger.INFO:      Time:  0.409ms | Memory:  8.84MB | SELECT COUNT(*) FROM permission INNER JOIN role_permission ON (permission.id=role_permission.permission_id) WHERE role_permission.role_id=2 AND permission.name='Admin.roles' [] []
[2015-04-01 00:26:50] defaultLogger.INFO:      Time:  0.226ms | Memory:  8.83MB | SELECT role.name, role.annotation, role.created_at, role.updated_at, role.id FROM role [] []
[2015-04-01 00:26:50] defaultLogger.INFO:      Time:  0.239ms | Memory:  8.84MB | SELECT permission.name, permission.annotation, permission.id FROM permission [] []
[2015-04-01 00:26:50] defaultLogger.INFO:      Time:  0.489ms | Memory:  8.86MB | SELECT permission.name, permission.annotation, permission.id FROM permission INNER JOIN role_permission ON (permission.id=role_permission.permission_id) WHERE role_permission.role_id=2 [] []
[2015-04-01 00:26:50] defaultLogger.INFO:      Time:  0.405ms | Memory:  8.87MB | SELECT COUNT(*) FROM user INNER JOIN user_role ON (user.id=user_role.user_id) WHERE user_role.role_id=2 [] []
[2015-04-01 00:26:50] defaultLogger.INFO:      Time:  0.348ms | Memory:  8.87MB | SELECT permission.name, permission.annotation, permission.id FROM permission INNER JOIN role_permission ON (permission.id=role_permission.permission_id) WHERE role_permission.role_id=8 [] []
[2015-04-01 00:26:50] defaultLogger.INFO:      Time:  0.252ms | Memory:  8.87MB | SELECT COUNT(*) FROM user INNER JOIN user_role ON (user.id=user_role.user_id) WHERE user_role.role_id=8 [] []
[2015-04-01 00:26:56] defaultLogger.INFO:      Time:  0.380ms | Memory:  3.66MB | SELECT setting.name, setting.value, setting.created_at, setting.updated_at, setting.id FROM setting WHERE setting.name='installed' LIMIT 1 [] []
[2015-04-01 00:26:56] defaultLogger.INFO:      Time:  0.582ms | Memory:  5.08MB | SELECT role.name, role.annotation, role.created_at, role.updated_at, role.id FROM role WHERE role.id='2' LIMIT 1 [] []
[2015-04-01 00:26:56] defaultLogger.INFO:      Time:  0.406ms | Memory:  5.91MB | SELECT permission.name, permission.annotation, permission.id FROM permission WHERE permission.id IN ('10','11','13','14') [] []
[2015-04-01 00:26:56] defaultLogger.INFO:      Time:  0.326ms | Memory:  7.09MB | SELECT permission.name, permission.annotation, permission.id FROM permission INNER JOIN role_permission ON (permission.id=role_permission.permission_id) WHERE role_permission.role_id=2 [] []
[2015-04-01 00:26:56] defaultLogger.INFO:      Time:  0.758ms | Memory:  7.46MB | SELECT role.name, role.annotation, role.created_at, role.updated_at, role.id FROM role INNER JOIN role_permission ON (role.id=role_permission.role_id) WHERE role_permission.permission_id=11 [] []
[2015-04-01 00:26:56] defaultLogger.INFO:      Time:  0.390ms | Memory:  7.45MB | INSERT INTO role_permission (role_id, permission_id) VALUES (2, 11) [] []
[2015-04-01 00:36:55] defaultLogger.INFO:      Time:  0.360ms | Memory:  3.62MB | SELECT setting.name, setting.value, setting.created_at, setting.updated_at, setting.id FROM setting WHERE setting.name='installed' LIMIT 1 [] []
[2015-04-01 00:36:56] defaultLogger.INFO:      Time:  0.588ms | Memory:  3.65MB | SELECT setting.name, setting.value, setting.created_at, setting.updated_at, setting.id FROM setting WHERE setting.name='installed' LIMIT 1 [] []
[2015-04-01 00:36:56] defaultLogger.INFO:      Time:  0.459ms | Memory:  4.97MB | SELECT user.name, user.password, user.email, user.created_at, user.updated_at, user.id FROM user WHERE user.id=2 LIMIT 1 [] []
[2015-04-01 00:36:56] defaultLogger.INFO:      Time:  0.487ms | Memory:  7.31MB | SELECT role.name, role.annotation, role.created_at, role.updated_at, role.id FROM role INNER JOIN user_role ON (role.id=user_role.role_id) WHERE user_role.user_id=2 [] []
[2015-04-01 00:36:56] defaultLogger.INFO:      Time:  0.389ms | Memory:  8.84MB | SELECT COUNT(*) FROM permission INNER JOIN role_permission ON (permission.id=role_permission.permission_id) WHERE role_permission.role_id=2 AND permission.name='Admin.roles' [] []
[2015-04-01 00:36:56] defaultLogger.INFO:      Time:  0.333ms | Memory:  8.83MB | SELECT role.name, role.annotation, role.created_at, role.updated_at, role.id FROM role [] []
[2015-04-01 00:36:56] defaultLogger.INFO:      Time:  0.275ms | Memory:  8.84MB | SELECT permission.name, permission.annotation, permission.id FROM permission [] []
[2015-04-01 00:36:56] defaultLogger.INFO:      Time:  0.349ms | Memory:  8.86MB | SELECT permission.name, permission.annotation, permission.id FROM permission INNER JOIN role_permission ON (permission.id=role_permission.permission_id) WHERE role_permission.role_id=2 [] []
[2015-04-01 00:36:56] defaultLogger.INFO:      Time:  0.292ms | Memory:  8.87MB | SELECT COUNT(*) FROM user INNER JOIN user_role ON (user.id=user_role.user_id) WHERE user_role.role_id=2 [] []
[2015-04-01 00:36:56] defaultLogger.INFO:      Time:  0.244ms | Memory:  8.87MB | SELECT permission.name, permission.annotation, permission.id FROM permission INNER JOIN role_permission ON (permission.id=role_permission.permission_id) WHERE role_permission.role_id=8 [] []
[2015-04-01 00:36:56] defaultLogger.INFO:      Time:  0.368ms | Memory:  8.87MB | SELECT COUNT(*) FROM user INNER JOIN user_role ON (user.id=user_role.user_id) WHERE user_role.role_id=8 [] []
[2015-04-01 00:36:59] defaultLogger.INFO:      Time:  0.362ms | Memory:  3.62MB | SELECT setting.name, setting.value, setting.created_at, setting.updated_at, setting.id FROM setting WHERE setting.name='installed' LIMIT 1 [] []
[2015-04-01 00:37:00] defaultLogger.INFO:      Time:  0.690ms | Memory:  3.65MB | SELECT setting.name, setting.value, setting.created_at, setting.updated_at, setting.id FROM setting WHERE setting.name='installed' LIMIT 1 [] []
[2015-04-01 00:37:00] defaultLogger.INFO:      Time:  0.454ms | Memory:  4.97MB | SELECT user.name, user.password, user.email, user.created_at, user.updated_at, user.id FROM user WHERE user.id=2 LIMIT 1 [] []
[2015-04-01 00:37:00] defaultLogger.INFO:      Time:  0.436ms | Memory:  7.31MB | SELECT role.name, role.annotation, role.created_at, role.updated_at, role.id FROM role INNER JOIN user_role ON (role.id=user_role.role_id) WHERE user_role.user_id=2 [] []
[2015-04-01 00:37:00] defaultLogger.INFO:      Time:  0.636ms | Memory:  8.84MB | SELECT COUNT(*) FROM permission INNER JOIN role_permission ON (permission.id=role_permission.permission_id) WHERE role_permission.role_id=2 AND permission.name='Admin.roles' [] []
[2015-04-01 00:37:00] defaultLogger.INFO:      Time:  0.346ms | Memory:  8.83MB | SELECT role.name, role.annotation, role.created_at, role.updated_at, role.id FROM role [] []
[2015-04-01 00:37:00] defaultLogger.INFO:      Time:  0.225ms | Memory:  8.84MB | SELECT permission.name, permission.annotation, permission.id FROM permission [] []
[2015-04-01 00:37:00] defaultLogger.INFO:      Time:  0.292ms | Memory:  8.86MB | SELECT permission.name, permission.annotation, permission.id FROM permission INNER JOIN role_permission ON (permission.id=role_permission.permission_id) WHERE role_permission.role_id=2 [] []
[2015-04-01 00:37:00] defaultLogger.INFO:      Time:  0.326ms | Memory:  8.87MB | SELECT COUNT(*) FROM user INNER JOIN user_role ON (user.id=user_role.user_id) WHERE user_role.role_id=2 [] []
[2015-04-01 00:37:00] defaultLogger.INFO:      Time:  0.394ms | Memory:  8.87MB | SELECT permission.name, permission.annotation, permission.id FROM permission INNER JOIN role_permission ON (permission.id=role_permission.permission_id) WHERE role_permission.role_id=8 [] []
[2015-04-01 00:37:00] defaultLogger.INFO:      Time:  0.359ms | Memory:  8.87MB | SELECT COUNT(*) FROM user INNER JOIN user_role ON (user.id=user_role.user_id) WHERE user_role.role_id=8 [] []
[2015-04-01 00:37:09] defaultLogger.INFO:      Time:  0.405ms | Memory:  3.65MB | SELECT setting.name, setting.value, setting.created_at, setting.updated_at, setting.id FROM setting WHERE setting.name='installed' LIMIT 1 [] []
[2015-04-01 00:37:09] defaultLogger.INFO:      Time:  0.360ms | Memory:  4.97MB | SELECT user.name, user.password, user.email, user.created_at, user.updated_at, user.id FROM user WHERE user.id=2 LIMIT 1 [] []
[2015-04-01 00:37:09] defaultLogger.INFO:      Time:  0.419ms | Memory:  7.31MB | SELECT role.name, role.annotation, role.created_at, role.updated_at, role.id FROM role INNER JOIN user_role ON (role.id=user_role.role_id) WHERE user_role.user_id=2 [] []
[2015-04-01 00:37:09] defaultLogger.INFO:      Time:  0.385ms | Memory:  8.84MB | SELECT COUNT(*) FROM permission INNER JOIN role_permission ON (permission.id=role_permission.permission_id) WHERE role_permission.role_id=2 AND permission.name='Admin.users' [] []
[2015-04-01 00:37:09] defaultLogger.INFO:      Time:  0.190ms | Memory:  8.83MB | SELECT role.name, role.annotation, role.created_at, role.updated_at, role.id FROM role [] []
[2015-04-01 00:37:09] defaultLogger.INFO:      Time:  0.329ms | Memory:  8.84MB | SELECT user.name, user.password, user.email, user.created_at, user.updated_at, user.id FROM user [] []
[2015-04-01 00:37:09] defaultLogger.INFO:      Time:  0.394ms | Memory:  8.86MB | SELECT role.name, role.annotation, role.created_at, role.updated_at, role.id FROM role INNER JOIN user_role ON (role.id=user_role.role_id) WHERE user_role.user_id=12 [] []
[2015-04-01 00:37:09] defaultLogger.INFO:      Time:  0.341ms | Memory:  8.86MB | SELECT role.name, role.annotation, role.created_at, role.updated_at, role.id FROM role INNER JOIN user_role ON (role.id=user_role.role_id) WHERE user_role.user_id=17 [] []
[2015-04-01 00:37:09] defaultLogger.INFO:      Time:  0.247ms | Memory:  8.87MB | SELECT role.name, role.annotation, role.created_at, role.updated_at, role.id FROM role INNER JOIN user_role ON (role.id=user_role.role_id) WHERE user_role.user_id=24 [] []
[2015-04-01 00:37:09] defaultLogger.INFO:      Time:  0.271ms | Memory:  8.87MB | SELECT role.name, role.annotation, role.created_at, role.updated_at, role.id FROM role INNER JOIN user_role ON (role.id=user_role.role_id) WHERE user_role.user_id=25 [] []
[2015-04-01 00:37:09] defaultLogger.INFO:      Time:  0.324ms | Memory:  8.88MB | SELECT role.name, role.annotation, role.created_at, role.updated_at, role.id FROM role INNER JOIN user_role ON (role.id=user_role.role_id) WHERE user_role.user_id=26 [] []
[2015-04-01 00:37:09] defaultLogger.INFO:      Time:  0.321ms | Memory:  8.87MB | SELECT user.name, user.password, user.email, user.created_at, user.updated_at, user.id FROM user ORDER BY user.created_at ASC [] []
[2015-04-01 00:53:57] defaultLogger.INFO:      Time:  0.517ms | Memory:  3.65MB | SELECT setting.name, setting.value, setting.created_at, setting.updated_at, setting.id FROM setting WHERE setting.name='installed' LIMIT 1 [] []
[2015-04-01 00:53:57] defaultLogger.INFO:      Time:  0.469ms | Memory:  4.97MB | SELECT user.name, user.password, user.email, user.created_at, user.updated_at, user.id FROM user WHERE user.id=2 LIMIT 1 [] []
[2015-04-01 00:53:57] defaultLogger.INFO:      Time:  0.447ms | Memory:  7.31MB | SELECT role.name, role.annotation, role.created_at, role.updated_at, role.id FROM role INNER JOIN user_role ON (role.id=user_role.role_id) WHERE user_role.user_id=2 [] []
[2015-04-01 00:53:57] defaultLogger.INFO:      Time:  0.591ms | Memory:  8.84MB | SELECT COUNT(*) FROM permission INNER JOIN role_permission ON (permission.id=role_permission.permission_id) WHERE role_permission.role_id=2 AND permission.name='Admin.roles' [] []
[2015-04-01 00:53:57] defaultLogger.INFO:      Time:  0.302ms | Memory:  8.83MB | SELECT role.name, role.annotation, role.created_at, role.updated_at, role.id FROM role [] []
[2015-04-01 00:53:57] defaultLogger.INFO:      Time:  0.193ms | Memory:  8.84MB | SELECT permission.name, permission.annotation, permission.id FROM permission [] []
[2015-04-01 00:53:57] defaultLogger.INFO:      Time:  0.281ms | Memory:  8.86MB | SELECT permission.name, permission.annotation, permission.id FROM permission INNER JOIN role_permission ON (permission.id=role_permission.permission_id) WHERE role_permission.role_id=2 [] []
[2015-04-01 00:53:58] defaultLogger.INFO:      Time:  0.254ms | Memory:  8.87MB | SELECT COUNT(*) FROM user INNER JOIN user_role ON (user.id=user_role.user_id) WHERE user_role.role_id=2 [] []
[2015-04-01 00:53:58] defaultLogger.INFO:      Time:  0.246ms | Memory:  8.87MB | SELECT permission.name, permission.annotation, permission.id FROM permission INNER JOIN role_permission ON (permission.id=role_permission.permission_id) WHERE role_permission.role_id=8 [] []
[2015-04-01 00:53:58] defaultLogger.INFO:      Time:  0.241ms | Memory:  8.87MB | SELECT COUNT(*) FROM user INNER JOIN user_role ON (user.id=user_role.user_id) WHERE user_role.role_id=8 [] []
[2015-04-01 01:49:17] defaultLogger.INFO:      Time:  0.414ms | Memory:  3.65MB | SELECT setting.name, setting.value, setting.created_at, setting.updated_at, setting.id FROM setting WHERE setting.name='installed' LIMIT 1 [] []
[2015-04-01 01:59:09] defaultLogger.INFO:      Time:  0.346ms | Memory:  3.65MB | SELECT setting.name, setting.value, setting.created_at, setting.updated_at, setting.id FROM setting WHERE setting.name='installed' LIMIT 1 [] []
[2015-04-01 01:59:09] defaultLogger.INFO:      Time:  0.256ms | Memory:  3.93MB | INSERT INTO setting (name, value, created_at, updated_at, id) VALUES ('installed', '1', '2015-04-01 01:59:09', '2015-04-01 01:59:09', NULL) [] []
[2015-04-01 02:00:02] defaultLogger.INFO:      Time:  0.745ms | Memory:  3.65MB | SELECT setting.name, setting.value, setting.created_at, setting.updated_at, setting.id FROM setting WHERE setting.name='installed' LIMIT 1 [] []
[2015-04-01 02:00:02] defaultLogger.INFO:      Time:  0.346ms | Memory:  3.93MB | INSERT INTO setting (name, value, created_at, updated_at, id) VALUES ('installed', '1', '2015-04-01 02:00:02', '2015-04-01 02:00:02', NULL) [] []
[2015-04-01 02:00:52] defaultLogger.INFO:      Time:  0.760ms | Memory:  3.61MB | SELECT setting.name, setting.value, setting.created_at, setting.updated_at, setting.id FROM setting WHERE setting.name='installed' LIMIT 1 [] []
[2015-04-01 02:00:52] defaultLogger.INFO:      Time:  0.285ms | Memory:  3.89MB | INSERT INTO setting (name, value, created_at, updated_at, id) VALUES ('installed', '1', '2015-04-01 02:00:52', '2015-04-01 02:00:52', NULL) [] []
[2015-04-01 02:01:13] defaultLogger.INFO:      Time:  0.720ms | Memory:  3.61MB | SELECT setting.name, setting.value, setting.created_at, setting.updated_at, setting.id FROM setting WHERE setting.name='installed' LIMIT 1 [] []
[2015-04-01 02:01:13] defaultLogger.INFO:      Time:  0.243ms | Memory:  3.89MB | INSERT INTO setting (name, value, created_at, updated_at, id) VALUES ('installed', '1', '2015-04-01 02:01:13', '2015-04-01 02:01:13', NULL) [] []
[2015-04-01 02:01:13] defaultLogger.INFO:      Time:  0.655ms | Memory:  6.63MB | INSERT INTO user (name, password, email, created_at, updated_at, id) VALUES ('Aita', '$2y$10$VU8Wto.kJ/48M0UYQ7cGE.KukOcwA/LHiL2148rhfG9bHM/IG.FuS', 'aita@blacklightcommunity.org', '2015-04-01 02:01:13', '2015-04-01 02:01:13', NULL) [] []
[2015-04-01 02:01:13] defaultLogger.INFO:      Time:  0.526ms | Memory:  6.68MB | INSERT INTO role (name, annotation, created_at, updated_at, id) VALUES ('Super', 'God mode', '2015-04-01 02:01:13', '2015-04-01 02:01:13', NULL) [] []
[2015-04-01 02:01:13] defaultLogger.INFO:      Time:  0.538ms | Memory:  6.69MB | INSERT INTO permission (name, annotation, id) VALUES ('Admin.Index', 'Admin dashboard', NULL) [] []
[2015-04-01 02:01:13] defaultLogger.INFO:      Time:  0.586ms | Memory:  6.83MB | INSERT INTO role_permission (role_id, permission_id) VALUES (1, 1) [] []
[2015-04-01 02:01:13] defaultLogger.INFO:      Time:  0.258ms | Memory:  6.83MB | INSERT INTO permission (name, annotation, id) VALUES ('Admin.Users', 'Admin users', NULL) [] []
[2015-04-01 02:01:13] defaultLogger.INFO:      Time:   19.5ms | Memory:  6.83MB | INSERT INTO role_permission (role_id, permission_id) VALUES (1, 2) [] []
[2015-04-01 02:01:13] defaultLogger.INFO:      Time:  0.248ms | Memory:  6.83MB | INSERT INTO permission (name, annotation, id) VALUES ('Admin.Roles', 'Admin roles', NULL) [] []
[2015-04-01 02:01:13] defaultLogger.INFO:      Time:   17.9ms | Memory:  6.83MB | INSERT INTO role_permission (role_id, permission_id) VALUES (1, 3) [] []
[2015-04-01 02:01:13] defaultLogger.INFO:      Time:  0.313ms | Memory:  6.83MB | INSERT INTO permission (name, annotation, id) VALUES ('Admin.Permissions', 'Admin permissions', NULL) [] []
[2015-04-01 02:01:14] defaultLogger.INFO:      Time:  0.184ms | Memory:  6.83MB | INSERT INTO role_permission (role_id, permission_id) VALUES (1, 4) [] []
[2015-04-01 02:01:14] defaultLogger.INFO:      Time:  0.661ms | Memory:  6.97MB | INSERT INTO user_role (user_id, role_id) VALUES (1, 1) [] []
[2015-04-01 02:01:14] defaultLogger.INFO:      Time:  0.454ms | Memory:  3.65MB | SELECT setting.name, setting.value, setting.created_at, setting.updated_at, setting.id FROM setting WHERE setting.name='installed' LIMIT 1 [] []
[2015-04-01 02:01:19] defaultLogger.INFO:      Time:  0.317ms | Memory:  3.65MB | SELECT setting.name, setting.value, setting.created_at, setting.updated_at, setting.id FROM setting WHERE setting.name='installed' LIMIT 1 [] []
[2015-04-01 02:01:19] defaultLogger.INFO:      Time:  0.380ms | Memory:  4.96MB | SELECT user.name, user.password, user.email, user.created_at, user.updated_at, user.id FROM user WHERE user.name='aita' LIMIT 1 [] []
[2015-04-01 02:01:19] defaultLogger.INFO:      Time:  0.326ms | Memory:  3.65MB | SELECT setting.name, setting.value, setting.created_at, setting.updated_at, setting.id FROM setting WHERE setting.name='installed' LIMIT 1 [] []
[2015-04-01 02:01:19] defaultLogger.INFO:      Time:  0.421ms | Memory:  3.65MB | SELECT setting.name, setting.value, setting.created_at, setting.updated_at, setting.id FROM setting WHERE setting.name='installed' LIMIT 1 [] []
[2015-04-01 02:01:21] defaultLogger.INFO:      Time:  0.341ms | Memory:  3.61MB | SELECT setting.name, setting.value, setting.created_at, setting.updated_at, setting.id FROM setting WHERE setting.name='installed' LIMIT 1 [] []
[2015-04-01 02:01:22] defaultLogger.INFO:      Time:  0.389ms | Memory:  3.65MB | SELECT setting.name, setting.value, setting.created_at, setting.updated_at, setting.id FROM setting WHERE setting.name='installed' LIMIT 1 [] []
[2015-04-01 02:01:25] defaultLogger.INFO:      Time:  0.316ms | Memory:  3.65MB | SELECT setting.name, setting.value, setting.created_at, setting.updated_at, setting.id FROM setting WHERE setting.name='installed' LIMIT 1 [] []
[2015-04-01 02:01:25] defaultLogger.INFO:      Time:  0.365ms | Memory:  4.96MB | SELECT user.name, user.password, user.email, user.created_at, user.updated_at, user.id FROM user WHERE user.name='aita' LIMIT 1 [] []
[2015-04-01 02:01:25] defaultLogger.INFO:      Time:  0.430ms | Memory:  3.65MB | SELECT setting.name, setting.value, setting.created_at, setting.updated_at, setting.id FROM setting WHERE setting.name='installed' LIMIT 1 [] []
[2015-04-01 02:01:25] defaultLogger.INFO:      Time:  0.298ms | Memory:  3.65MB | SELECT setting.name, setting.value, setting.created_at, setting.updated_at, setting.id FROM setting WHERE setting.name='installed' LIMIT 1 [] []
[2015-04-01 02:01:26] defaultLogger.INFO:      Time:  0.325ms | Memory:  3.61MB | SELECT setting.name, setting.value, setting.created_at, setting.updated_at, setting.id FROM setting WHERE setting.name='installed' LIMIT 1 [] []
[2015-04-01 02:01:27] defaultLogger.INFO:      Time:  0.318ms | Memory:  3.65MB | SELECT setting.name, setting.value, setting.created_at, setting.updated_at, setting.id FROM setting WHERE setting.name='installed' LIMIT 1 [] []
[2015-04-01 02:01:28] defaultLogger.INFO:      Time:  0.435ms | Memory:  3.65MB | SELECT setting.name, setting.value, setting.created_at, setting.updated_at, setting.id FROM setting WHERE setting.name='installed' LIMIT 1 [] []
[2015-04-01 02:01:29] defaultLogger.INFO:      Time:  0.504ms | Memory:  3.65MB | SELECT setting.name, setting.value, setting.created_at, setting.updated_at, setting.id FROM setting WHERE setting.name='installed' LIMIT 1 [] []
[2015-04-01 02:01:29] defaultLogger.INFO:      Time:  0.369ms | Memory:  4.97MB | SELECT user.name, user.password, user.email, user.created_at, user.updated_at, user.id FROM user WHERE user.id=1 LIMIT 1 [] []
[2015-04-01 02:01:29] defaultLogger.INFO:      Time:  0.442ms | Memory:  7.31MB | SELECT role.name, role.annotation, role.created_at, role.updated_at, role.id FROM role INNER JOIN user_role ON (role.id=user_role.role_id) WHERE user_role.user_id=1 [] []
[2015-04-01 02:01:29] defaultLogger.INFO:      Time:  0.329ms | Memory:  8.84MB | SELECT COUNT(*) FROM permission INNER JOIN role_permission ON (permission.id=role_permission.permission_id) WHERE role_permission.role_id=1 AND permission.name='Admin.index' [] []
[2015-04-01 02:01:30] defaultLogger.INFO:      Time:  0.393ms | Memory:  3.65MB | SELECT setting.name, setting.value, setting.created_at, setting.updated_at, setting.id FROM setting WHERE setting.name='installed' LIMIT 1 [] []
[2015-04-01 02:01:30] defaultLogger.INFO:      Time:  0.401ms | Memory:  4.97MB | SELECT user.name, user.password, user.email, user.created_at, user.updated_at, user.id FROM user WHERE user.id=1 LIMIT 1 [] []
[2015-04-01 02:01:31] defaultLogger.INFO:      Time:  0.397ms | Memory:  7.31MB | SELECT role.name, role.annotation, role.created_at, role.updated_at, role.id FROM role INNER JOIN user_role ON (role.id=user_role.role_id) WHERE user_role.user_id=1 [] []
[2015-04-01 02:01:31] defaultLogger.INFO:      Time:  0.376ms | Memory:  8.84MB | SELECT COUNT(*) FROM permission INNER JOIN role_permission ON (permission.id=role_permission.permission_id) WHERE role_permission.role_id=1 AND permission.name='Admin.users' [] []
[2015-04-01 02:01:31] defaultLogger.INFO:      Time:  0.246ms | Memory:  8.83MB | SELECT role.name, role.annotation, role.created_at, role.updated_at, role.id FROM role [] []
[2015-04-01 02:01:31] defaultLogger.INFO:      Time:  0.252ms | Memory:  8.84MB | SELECT user.name, user.password, user.email, user.created_at, user.updated_at, user.id FROM user [] []
[2015-04-01 02:01:31] defaultLogger.INFO:      Time:  0.229ms | Memory:  8.84MB | SELECT user.name, user.password, user.email, user.created_at, user.updated_at, user.id FROM user ORDER BY user.created_at ASC [] []
[2015-04-01 02:01:32] defaultLogger.INFO:      Time:  0.324ms | Memory:  3.65MB | SELECT setting.name, setting.value, setting.created_at, setting.updated_at, setting.id FROM setting WHERE setting.name='installed' LIMIT 1 [] []
[2015-04-01 02:01:32] defaultLogger.INFO:      Time:  0.371ms | Memory:  4.97MB | SELECT user.name, user.password, user.email, user.created_at, user.updated_at, user.id FROM user WHERE user.id=1 LIMIT 1 [] []
[2015-04-01 02:01:32] defaultLogger.INFO:      Time:  0.377ms | Memory:  7.31MB | SELECT role.name, role.annotation, role.created_at, role.updated_at, role.id FROM role INNER JOIN user_role ON (role.id=user_role.role_id) WHERE user_role.user_id=1 [] []
[2015-04-01 02:01:32] defaultLogger.INFO:      Time:  0.381ms | Memory:  8.84MB | SELECT COUNT(*) FROM permission INNER JOIN role_permission ON (permission.id=role_permission.permission_id) WHERE role_permission.role_id=1 AND permission.name='Admin.roles' [] []
[2015-04-01 02:01:32] defaultLogger.INFO:      Time:  0.321ms | Memory:  8.83MB | SELECT role.name, role.annotation, role.created_at, role.updated_at, role.id FROM role [] []
[2015-04-01 02:01:32] defaultLogger.INFO:      Time:  0.230ms | Memory:  8.84MB | SELECT permission.name, permission.annotation, permission.id FROM permission [] []
[2015-04-01 02:01:32] defaultLogger.INFO:      Time:  0.281ms | Memory:  8.86MB | SELECT permission.name, permission.annotation, permission.id FROM permission INNER JOIN role_permission ON (permission.id=role_permission.permission_id) WHERE role_permission.role_id=1 [] []
[2015-04-01 02:01:32] defaultLogger.INFO:      Time:  0.233ms | Memory:  8.86MB | SELECT COUNT(*) FROM user INNER JOIN user_role ON (user.id=user_role.user_id) WHERE user_role.role_id=1 [] []
[2015-04-01 02:01:34] defaultLogger.INFO:      Time:  0.365ms | Memory:  3.65MB | SELECT setting.name, setting.value, setting.created_at, setting.updated_at, setting.id FROM setting WHERE setting.name='installed' LIMIT 1 [] []
[2015-04-01 02:01:34] defaultLogger.INFO:      Time:  0.335ms | Memory:  4.97MB | SELECT user.name, user.password, user.email, user.created_at, user.updated_at, user.id FROM user WHERE user.id=1 LIMIT 1 [] []
[2015-04-01 02:01:34] defaultLogger.INFO:      Time:  0.436ms | Memory:  7.31MB | SELECT role.name, role.annotation, role.created_at, role.updated_at, role.id FROM role INNER JOIN user_role ON (role.id=user_role.role_id) WHERE user_role.user_id=1 [] []
[2015-04-01 02:01:34] defaultLogger.INFO:      Time:  0.336ms | Memory:  8.84MB | SELECT COUNT(*) FROM permission INNER JOIN role_permission ON (permission.id=role_permission.permission_id) WHERE role_permission.role_id=1 AND permission.name='Admin.permissions' [] []
[2015-04-01 02:01:34] defaultLogger.INFO:      Time:  0.232ms | Memory:  8.83MB | SELECT permission.name, permission.annotation, permission.id FROM permission [] []
[2015-04-01 02:01:34] defaultLogger.INFO:      Time:  0.220ms | Memory:  8.85MB | SELECT COUNT(*) FROM role INNER JOIN role_permission ON (role.id=role_permission.role_id) WHERE role_permission.permission_id=1 [] []
[2015-04-01 02:01:34] defaultLogger.INFO:      Time:  0.187ms | Memory:  8.85MB | SELECT COUNT(*) FROM role INNER JOIN role_permission ON (role.id=role_permission.role_id) WHERE role_permission.permission_id=2 [] []
[2015-04-01 02:01:34] defaultLogger.INFO:      Time:  0.193ms | Memory:  8.85MB | SELECT COUNT(*) FROM role INNER JOIN role_permission ON (role.id=role_permission.role_id) WHERE role_permission.permission_id=3 [] []
[2015-04-01 02:01:34] defaultLogger.INFO:      Time:  0.314ms | Memory:  8.85MB | SELECT COUNT(*) FROM role INNER JOIN role_permission ON (role.id=role_permission.role_id) WHERE role_permission.permission_id=4 [] []
[2015-04-01 02:01:36] defaultLogger.INFO:      Time:  0.342ms | Memory:  3.65MB | SELECT setting.name, setting.value, setting.created_at, setting.updated_at, setting.id FROM setting WHERE setting.name='installed' LIMIT 1 [] []
[2015-04-01 02:01:37] defaultLogger.INFO:      Time:  0.327ms | Memory:  3.65MB | SELECT setting.name, setting.value, setting.created_at, setting.updated_at, setting.id FROM setting WHERE setting.name='installed' LIMIT 1 [] []
[2015-04-01 02:01:37] defaultLogger.INFO:      Time:  0.426ms | Memory:  4.97MB | SELECT user.name, user.password, user.email, user.created_at, user.updated_at, user.id FROM user WHERE user.id=1 LIMIT 1 [] []
[2015-04-01 02:01:37] defaultLogger.INFO:      Time:  0.378ms | Memory:  7.31MB | SELECT role.name, role.annotation, role.created_at, role.updated_at, role.id FROM role INNER JOIN user_role ON (role.id=user_role.role_id) WHERE user_role.user_id=1 [] []
[2015-04-01 02:01:37] defaultLogger.INFO:      Time:  0.359ms | Memory:  8.84MB | SELECT COUNT(*) FROM permission INNER JOIN role_permission ON (permission.id=role_permission.permission_id) WHERE role_permission.role_id=1 AND permission.name='Admin.permissions' [] []
[2015-04-01 02:01:37] defaultLogger.INFO:      Time:  0.190ms | Memory:  8.83MB | SELECT permission.name, permission.annotation, permission.id FROM permission [] []
[2015-04-01 02:01:37] defaultLogger.INFO:      Time:  0.393ms | Memory:  8.85MB | SELECT COUNT(*) FROM role INNER JOIN role_permission ON (role.id=role_permission.role_id) WHERE role_permission.permission_id=1 [] []
[2015-04-01 02:01:37] defaultLogger.INFO:      Time:  0.226ms | Memory:  8.85MB | SELECT COUNT(*) FROM role INNER JOIN role_permission ON (role.id=role_permission.role_id) WHERE role_permission.permission_id=2 [] []
[2015-04-01 02:01:37] defaultLogger.INFO:      Time:  0.386ms | Memory:  8.85MB | SELECT COUNT(*) FROM role INNER JOIN role_permission ON (role.id=role_permission.role_id) WHERE role_permission.permission_id=3 [] []
[2015-04-01 02:01:37] defaultLogger.INFO:      Time:  0.254ms | Memory:  8.85MB | SELECT COUNT(*) FROM role INNER JOIN role_permission ON (role.id=role_permission.role_id) WHERE role_permission.permission_id=4 [] []
[2015-04-01 02:01:39] defaultLogger.INFO:      Time:  0.372ms | Memory:  3.65MB | SELECT setting.name, setting.value, setting.created_at, setting.updated_at, setting.id FROM setting WHERE setting.name='installed' LIMIT 1 [] []
[2015-04-01 02:01:39] defaultLogger.INFO:      Time:  0.306ms | Memory:  4.97MB | SELECT user.name, user.password, user.email, user.created_at, user.updated_at, user.id FROM user WHERE user.id=1 LIMIT 1 [] []
[2015-04-01 02:01:39] defaultLogger.INFO:      Time:  0.385ms | Memory:  7.31MB | SELECT role.name, role.annotation, role.created_at, role.updated_at, role.id FROM role INNER JOIN user_role ON (role.id=user_role.role_id) WHERE user_role.user_id=1 [] []
[2015-04-01 02:01:39] defaultLogger.INFO:      Time:  0.369ms | Memory:  8.84MB | SELECT COUNT(*) FROM permission INNER JOIN role_permission ON (permission.id=role_permission.permission_id) WHERE role_permission.role_id=1 AND permission.name='Admin.index' [] []
